<?xml version="1.0" encoding="UTF-8"?>
<testng-results ignored="0" total="3" passed="3" failed="0" skipped="0">
  <reporter-output>
  </reporter-output>
  <suite started-at="2022-05-30T13:12:48 IST" name="Default suite" finished-at="2022-05-30T13:13:04 IST" duration-ms="15683">
    <groups>
    </groups>
    <test started-at="2022-05-30T13:12:48 IST" name="Default test" finished-at="2022-05-30T13:13:04 IST" duration-ms="15683">
      <class name="Basic">
        <test-method signature="TestCase_02_SignUpSuccessfull()[pri:1, instance:Basic@10d307f1]" started-at="2022-05-30T13:12:48 IST" name="TestCase_02_SignUpSuccessfull" finished-at="2022-05-30T13:13:03 IST" duration-ms="14747" status="PASS">
          <reporter-output>
          </reporter-output>
        </test-method> <!-- TestCase_02_SignUpSuccessfull -->
        <test-method signature="TC03_Login()[pri:2, instance:Basic@10d307f1]" started-at="2022-05-30T13:13:03 IST" name="TC03_Login" finished-at="2022-05-30T13:13:04 IST" duration-ms="366" status="PASS">
          <reporter-output>
          </reporter-output>
        </test-method> <!-- TC03_Login -->
        <test-method signature="TC03_ForgotPassword()[pri:3, instance:Basic@10d307f1]" started-at="2022-05-30T13:13:04 IST" name="TC03_ForgotPassword" finished-at="2022-05-30T13:13:04 IST" duration-ms="255" status="PASS">
          <reporter-output>
          </reporter-output>
        </test-method> <!-- TC03_ForgotPassword -->
      </class> <!-- Basic -->
    </test> <!-- Default test -->
  </suite> <!-- Default suite -->
</testng-results>
