<?xml version="1.0" encoding="UTF-8"?>
<!-- Generated by org.testng.reporters.JUnitXMLReporter -->
<testsuite ignored="0" hostname="Aamir-pc" failures="0" tests="3" name="Default test" time="15.683" errors="0" timestamp="2022-05-30T13:13:04 IST">
  <testcase classname="Basic" name="TestCase_02_SignUpSuccessfull" time="14.747"/>
  <testcase classname="Basic" name="TC03_Login" time="0.366"/>
  <testcase classname="Basic" name="TC03_ForgotPassword" time="0.255"/>
</testsuite> <!-- Default test -->
