<?xml version="1.0" encoding="UTF-8"?>
<!-- Generated by org.testng.reporters.JUnitXMLReporter -->
<testsuite ignored="0" hostname="Aamir-pc" failures="0" tests="3" name="Default test" time="17.441" errors="0" timestamp="2022-05-25T15:57:33 IST">
  <testcase classname="Busfabrik" name="TC01_GetAllCampers" time="10.792"/>
  <testcase classname="Basic_Authentication" name="Authorization" time="2.236"/>
  <testcase classname="TC02_Signup" name="SignUpSuccessfull" time="4.198"/>
</testsuite> <!-- Default test -->
