<?xml version="1.0" encoding="UTF-8"?>
<!-- Generated by org.testng.reporters.JUnitXMLReporter -->
<testsuite ignored="0" hostname="Aamir-pc" failures="0" tests="5" name="Test" time="26.778" errors="0" timestamp="2022-05-30T16:47:13 IST">
  <testcase classname="Basic_Authentication" name="Authorization" time="19.707"/>
  <testcase classname="Basic" name="TestCase_02_SignUpSuccessfull" time="5.327"/>
  <testcase classname="Basic" name="TC03_Login" time="0.484"/>
  <testcase classname="Basic" name="TC03_ForgotPassword" time="0.327"/>
  <testcase classname="Busfabrik" name="TC01_GetAllCampers" time="0.503"/>
</testsuite> <!-- Test -->
